[14:46:43.585] [info] [Node 1] starting on 127.0.0.1:50051
[14:46:43.585] [info] [Node 1] config: peers=3, data_dir=./data/node1, election_timeout=[300,500]ms, heartbeat=30ms, max_state=1048576B
[14:46:43.587] [info] gRPC server listening on 127.0.0.1:50051
[14:46:43.898] [info] [Node 1] [term=1] [Follower] stepped down
[14:47:05.771] [info] [Node 1] [KvStore] triggering snapshot at index 170
[14:47:05.776] [info] [Node 1] [term=1] [Follower] log compacted up to index 170
[14:47:05.896] [info] [Node 1] [KvStore] triggering snapshot at index 363
[14:47:05.900] [info] [Node 1] [term=1] [Follower] log compacted up to index 363
[14:47:06.018] [info] [Node 1] [KvStore] triggering snapshot at index 563
[14:47:06.022] [info] [Node 1] [term=1] [Follower] log compacted up to index 563
[14:47:06.142] [info] [Node 1] [KvStore] triggering snapshot at index 763
[14:47:06.146] [info] [Node 1] [term=1] [Follower] log compacted up to index 763
[14:47:06.263] [info] [Node 1] [KvStore] triggering snapshot at index 963
[14:47:06.267] [info] [Node 1] [term=1] [Follower] log compacted up to index 963
[14:47:06.392] [info] [Node 1] [KvStore] triggering snapshot at index 1163
[14:47:06.396] [info] [Node 1] [term=1] [Follower] log compacted up to index 1163
[14:47:06.515] [info] [Node 1] [KvStore] triggering snapshot at index 1363
[14:47:06.519] [info] [Node 1] [term=1] [Follower] log compacted up to index 1363
[14:47:06.642] [info] [Node 1] [KvStore] triggering snapshot at index 1563
[14:47:06.646] [info] [Node 1] [term=1] [Follower] log compacted up to index 1563
[14:47:06.764] [info] [Node 1] [KvStore] triggering snapshot at index 1763
[14:47:06.768] [info] [Node 1] [term=1] [Follower] log compacted up to index 1763
[14:47:06.886] [info] [Node 1] [KvStore] triggering snapshot at index 1963
[14:47:06.893] [info] [Node 1] [term=1] [Follower] log compacted up to index 1963
[14:47:07.016] [info] [Node 1] [KvStore] triggering snapshot at index 2163
[14:47:07.025] [info] [Node 1] [term=1] [Follower] log compacted up to index 2163
[14:47:07.141] [info] [Node 1] [KvStore] triggering snapshot at index 2363
[14:47:07.145] [info] [Node 1] [term=1] [Follower] log compacted up to index 2363
[14:47:07.263] [info] [Node 1] [KvStore] triggering snapshot at index 2563
[14:47:07.266] [info] [Node 1] [term=1] [Follower] log compacted up to index 2563
[14:47:07.388] [info] [Node 1] [KvStore] triggering snapshot at index 2763
[14:47:07.392] [info] [Node 1] [term=1] [Follower] log compacted up to index 2763
[14:47:07.519] [info] [Node 1] [KvStore] triggering snapshot at index 2963
[14:47:07.523] [info] [Node 1] [term=1] [Follower] log compacted up to index 2963
[14:47:07.637] [info] [Node 1] [KvStore] triggering snapshot at index 3163
[14:47:07.640] [info] [Node 1] [term=1] [Follower] log compacted up to index 3163
[14:47:07.758] [info] [Node 1] [KvStore] triggering snapshot at index 3363
[14:47:07.762] [info] [Node 1] [term=1] [Follower] log compacted up to index 3363
[14:47:07.886] [info] [Node 1] [KvStore] triggering snapshot at index 3551
[14:47:07.890] [info] [Node 1] [term=1] [Follower] log compacted up to index 3551
[14:47:08.002] [info] [Node 1] [KvStore] triggering snapshot at index 3751
[14:47:08.008] [info] [Node 1] [term=1] [Follower] log compacted up to index 3751
[14:47:08.124] [info] [Node 1] [KvStore] triggering snapshot at index 3951
[14:47:08.128] [info] [Node 1] [term=1] [Follower] log compacted up to index 3951
[14:47:08.250] [info] [Node 1] [KvStore] triggering snapshot at index 4151
[14:47:08.253] [info] [Node 1] [term=1] [Follower] log compacted up to index 4151
[14:47:08.371] [info] [Node 1] [KvStore] triggering snapshot at index 4351
[14:47:08.375] [info] [Node 1] [term=1] [Follower] log compacted up to index 4351
[14:47:08.495] [info] [Node 1] [KvStore] triggering snapshot at index 4551
[14:47:08.498] [info] [Node 1] [term=1] [Follower] log compacted up to index 4551
[14:47:08.618] [info] [Node 1] [KvStore] triggering snapshot at index 4751
[14:47:08.622] [info] [Node 1] [term=1] [Follower] log compacted up to index 4751
[14:47:08.738] [info] [Node 1] [KvStore] triggering snapshot at index 4951
[14:47:08.742] [info] [Node 1] [term=1] [Follower] log compacted up to index 4951
[14:47:08.859] [info] [Node 1] [KvStore] triggering snapshot at index 5151
[14:47:08.863] [info] [Node 1] [term=1] [Follower] log compacted up to index 5151
[14:47:08.981] [info] [Node 1] [KvStore] triggering snapshot at index 5351
[14:47:08.985] [info] [Node 1] [term=1] [Follower] log compacted up to index 5351
[14:47:09.102] [info] [Node 1] [KvStore] triggering snapshot at index 5551
[14:47:09.105] [info] [Node 1] [term=1] [Follower] log compacted up to index 5551
[14:47:09.223] [info] [Node 1] [KvStore] triggering snapshot at index 5751
[14:47:09.229] [info] [Node 1] [term=1] [Follower] log compacted up to index 5751
[14:47:09.349] [info] [Node 1] [KvStore] triggering snapshot at index 5951
[14:47:09.353] [info] [Node 1] [term=1] [Follower] log compacted up to index 5951
[14:47:09.475] [info] [Node 1] [KvStore] triggering snapshot at index 6151
[14:47:09.479] [info] [Node 1] [term=1] [Follower] log compacted up to index 6151
[14:47:09.598] [info] [Node 1] [KvStore] triggering snapshot at index 6351
[14:47:09.601] [info] [Node 1] [term=1] [Follower] log compacted up to index 6351
[14:47:09.723] [info] [Node 1] [KvStore] triggering snapshot at index 6551
[14:47:09.727] [info] [Node 1] [term=1] [Follower] log compacted up to index 6551
[14:47:09.847] [info] [Node 1] [KvStore] triggering snapshot at index 6751
[14:47:09.851] [info] [Node 1] [term=1] [Follower] log compacted up to index 6751
[14:47:09.972] [info] [Node 1] [KvStore] triggering snapshot at index 6951
[14:47:09.975] [info] [Node 1] [term=1] [Follower] log compacted up to index 6951
[14:47:10.093] [info] [Node 1] [KvStore] triggering snapshot at index 7151
[14:47:10.097] [info] [Node 1] [term=1] [Follower] log compacted up to index 7151
[14:47:10.218] [info] [Node 1] [KvStore] triggering snapshot at index 7351
[14:47:10.222] [info] [Node 1] [term=1] [Follower] log compacted up to index 7351
[14:47:10.336] [info] [Node 1] [KvStore] triggering snapshot at index 7551
[14:47:10.340] [info] [Node 1] [term=1] [Follower] log compacted up to index 7551
[14:47:10.458] [info] [Node 1] [KvStore] triggering snapshot at index 7751
[14:47:10.462] [info] [Node 1] [term=1] [Follower] log compacted up to index 7751
[14:47:10.581] [info] [Node 1] [KvStore] triggering snapshot at index 7951
[14:47:10.585] [info] [Node 1] [term=1] [Follower] log compacted up to index 7951
[14:47:10.702] [info] [Node 1] [KvStore] triggering snapshot at index 8151
[14:47:10.707] [info] [Node 1] [term=1] [Follower] log compacted up to index 8151
[14:47:10.826] [info] [Node 1] [KvStore] triggering snapshot at index 8351
[14:47:10.830] [info] [Node 1] [term=1] [Follower] log compacted up to index 8351
[14:47:10.950] [info] [Node 1] [KvStore] triggering snapshot at index 8551
[14:47:10.955] [info] [Node 1] [term=1] [Follower] log compacted up to index 8551
[14:47:11.076] [info] [Node 1] [KvStore] triggering snapshot at index 8751
[14:47:11.080] [info] [Node 1] [term=1] [Follower] log compacted up to index 8751
[14:47:11.207] [info] [Node 1] [KvStore] triggering snapshot at index 8951
[14:47:11.211] [info] [Node 1] [term=1] [Follower] log compacted up to index 8951
[14:47:11.324] [info] [Node 1] [KvStore] triggering snapshot at index 9151
[14:47:11.328] [info] [Node 1] [term=1] [Follower] log compacted up to index 9151
[14:47:11.445] [info] [Node 1] [KvStore] triggering snapshot at index 9351
[14:47:11.450] [info] [Node 1] [term=1] [Follower] log compacted up to index 9351
[14:47:11.571] [info] [Node 1] [KvStore] triggering snapshot at index 9551
[14:47:11.576] [info] [Node 1] [term=1] [Follower] log compacted up to index 9551
[14:47:11.693] [info] [Node 1] [KvStore] triggering snapshot at index 9751
[14:47:11.697] [info] [Node 1] [term=1] [Follower] log compacted up to index 9751
[14:47:11.845] [info] [Node 1] [KvStore] triggering snapshot at index 10001
[14:47:11.847] [info] [Node 1] [term=1] [Follower] log compacted up to index 10001
[14:47:30.137] [info] [Node 1] shutting down
[14:47:30.146] [info] [Node 1] shutdown complete
