[16:14:00.641] [info] [Node 2] starting on 127.0.0.1:50052
[16:14:00.641] [info] [Node 2] config: peers=3, data_dir=./data/node2, election_timeout=[300,500]ms, heartbeat=30ms, max_state=1048576B
[16:14:00.659] [info] gRPC server listening on 127.0.0.1:50052
[16:14:00.997] [info] [Node 2] [term=5] [Follower] stepped down
[16:14:08.130] [info] [Node 2] [KvStore] triggering snapshot at index 18749
[16:14:08.142] [info] [Node 2] [term=5] [Follower] log compacted up to index 18749
[16:14:08.253] [info] [Node 2] [KvStore] triggering snapshot at index 20176
[16:14:08.256] [info] [Node 2] [term=5] [Follower] log compacted up to index 20176
[16:14:08.386] [info] [Node 2] [KvStore] triggering snapshot at index 20348
[16:14:08.389] [info] [Node 2] [term=5] [Follower] log compacted up to index 20348
[16:14:08.519] [info] [Node 2] [KvStore] triggering snapshot at index 20536
[16:14:08.522] [info] [Node 2] [term=5] [Follower] log compacted up to index 20536
[16:14:08.644] [info] [Node 2] [KvStore] triggering snapshot at index 20736
[16:14:08.647] [info] [Node 2] [term=5] [Follower] log compacted up to index 20736
[16:14:08.767] [info] [Node 2] [KvStore] triggering snapshot at index 20908
[16:14:08.770] [info] [Node 2] [term=5] [Follower] log compacted up to index 20908
[16:14:08.895] [info] [Node 2] [KvStore] triggering snapshot at index 21099
[16:14:08.902] [info] [Node 2] [term=5] [Follower] log compacted up to index 21099
[16:14:09.022] [info] [Node 2] [KvStore] triggering snapshot at index 21289
[16:14:09.024] [info] [Node 2] [term=5] [Follower] log compacted up to index 21289
[16:14:09.135] [info] [Node 2] [KvStore] triggering snapshot at index 21489
[16:14:09.137] [info] [Node 2] [term=5] [Follower] log compacted up to index 21489
[16:14:09.259] [info] [Node 2] [KvStore] triggering snapshot at index 21683
[16:14:09.262] [info] [Node 2] [term=5] [Follower] log compacted up to index 21683
[16:14:09.388] [info] [Node 2] [KvStore] triggering snapshot at index 21868
[16:14:09.392] [info] [Node 2] [term=5] [Follower] log compacted up to index 21868
[16:14:09.511] [info] [Node 2] [KvStore] triggering snapshot at index 22053
[16:14:09.515] [info] [Node 2] [term=5] [Follower] log compacted up to index 22053
[16:14:09.634] [info] [Node 2] [KvStore] triggering snapshot at index 22223
[16:14:09.637] [info] [Node 2] [term=5] [Follower] log compacted up to index 22223
[16:14:09.760] [info] [Node 2] [KvStore] triggering snapshot at index 22412
[16:14:09.764] [info] [Node 2] [term=5] [Follower] log compacted up to index 22412
[16:14:09.890] [info] [Node 2] [KvStore] triggering snapshot at index 22612
[16:14:09.893] [info] [Node 2] [term=5] [Follower] log compacted up to index 22612
[16:14:10.045] [info] [Node 2] [KvStore] triggering snapshot at index 22850
[16:14:10.048] [info] [Node 2] [term=5] [Follower] log compacted up to index 22850
[16:14:10.169] [info] [Node 2] [KvStore] triggering snapshot at index 23013
[16:14:10.172] [info] [Node 2] [term=5] [Follower] log compacted up to index 23013
[16:14:10.298] [info] [Node 2] [KvStore] triggering snapshot at index 23202
[16:14:10.301] [info] [Node 2] [term=5] [Follower] log compacted up to index 23202
[16:14:10.418] [info] [Node 2] [KvStore] triggering snapshot at index 23393
[16:14:10.420] [info] [Node 2] [term=5] [Follower] log compacted up to index 23393
[16:14:10.545] [info] [Node 2] [KvStore] triggering snapshot at index 23578
[16:14:10.548] [info] [Node 2] [term=5] [Follower] log compacted up to index 23578
[16:14:10.669] [info] [Node 2] [KvStore] triggering snapshot at index 23759
[16:14:10.671] [info] [Node 2] [term=5] [Follower] log compacted up to index 23759
[16:14:10.794] [info] [Node 2] [KvStore] triggering snapshot at index 23959
[16:14:10.798] [info] [Node 2] [term=5] [Follower] log compacted up to index 23959
[16:14:10.920] [info] [Node 2] [KvStore] triggering snapshot at index 24147
[16:14:10.923] [info] [Node 2] [term=5] [Follower] log compacted up to index 24147
[16:14:11.046] [info] [Node 2] [KvStore] triggering snapshot at index 24330
[16:14:11.049] [info] [Node 2] [term=5] [Follower] log compacted up to index 24330
[16:14:11.172] [info] [Node 2] [KvStore] triggering snapshot at index 24508
[16:14:11.174] [info] [Node 2] [term=5] [Follower] log compacted up to index 24508
[16:14:11.294] [info] [Node 2] [KvStore] triggering snapshot at index 24708
[16:14:11.298] [info] [Node 2] [term=5] [Follower] log compacted up to index 24708
[16:14:11.415] [info] [Node 2] [KvStore] triggering snapshot at index 24908
[16:14:11.420] [info] [Node 2] [term=5] [Follower] log compacted up to index 24908
[16:14:11.540] [info] [Node 2] [KvStore] triggering snapshot at index 25088
[16:14:11.543] [info] [Node 2] [term=5] [Follower] log compacted up to index 25088
[16:14:11.663] [info] [Node 2] [KvStore] triggering snapshot at index 25272
[16:14:11.666] [info] [Node 2] [term=5] [Follower] log compacted up to index 25272
[16:14:11.792] [info] [Node 2] [KvStore] triggering snapshot at index 25456
[16:14:11.795] [info] [Node 2] [term=5] [Follower] log compacted up to index 25456
[16:14:11.916] [info] [Node 2] [KvStore] triggering snapshot at index 25642
[16:14:11.919] [info] [Node 2] [term=5] [Follower] log compacted up to index 25642
[16:14:12.041] [info] [Node 2] [KvStore] triggering snapshot at index 25831
[16:14:12.044] [info] [Node 2] [term=5] [Follower] log compacted up to index 25831
[16:14:12.163] [info] [Node 2] [KvStore] triggering snapshot at index 26031
[16:14:12.167] [info] [Node 2] [term=5] [Follower] log compacted up to index 26031
[16:14:12.292] [info] [Node 2] [KvStore] triggering snapshot at index 26231
[16:14:12.296] [info] [Node 2] [term=5] [Follower] log compacted up to index 26231
[16:14:12.416] [info] [Node 2] [KvStore] triggering snapshot at index 26431
[16:14:12.419] [info] [Node 2] [term=5] [Follower] log compacted up to index 26431
[16:14:12.537] [info] [Node 2] [KvStore] triggering snapshot at index 26627
[16:14:12.539] [info] [Node 2] [term=5] [Follower] log compacted up to index 26627
[16:14:12.660] [info] [Node 2] [KvStore] triggering snapshot at index 26803
[16:14:12.663] [info] [Node 2] [term=5] [Follower] log compacted up to index 26803
[16:14:12.792] [info] [Node 2] [KvStore] triggering snapshot at index 26987
[16:14:12.795] [info] [Node 2] [term=5] [Follower] log compacted up to index 26987
[16:14:12.918] [info] [Node 2] [KvStore] triggering snapshot at index 27187
[16:14:12.922] [info] [Node 2] [term=5] [Follower] log compacted up to index 27187
[16:14:13.042] [info] [Node 2] [KvStore] triggering snapshot at index 27372
[16:14:13.045] [info] [Node 2] [term=5] [Follower] log compacted up to index 27372
[16:14:13.165] [info] [Node 2] [KvStore] triggering snapshot at index 27541
[16:14:13.169] [info] [Node 2] [term=5] [Follower] log compacted up to index 27541
[16:14:13.292] [info] [Node 2] [KvStore] triggering snapshot at index 27741
[16:14:13.296] [info] [Node 2] [term=5] [Follower] log compacted up to index 27741
[16:14:13.416] [info] [Node 2] [KvStore] triggering snapshot at index 27936
[16:14:13.419] [info] [Node 2] [term=5] [Follower] log compacted up to index 27936
[16:14:13.541] [info] [Node 2] [KvStore] triggering snapshot at index 28119
[16:14:13.544] [info] [Node 2] [term=5] [Follower] log compacted up to index 28119
[16:14:13.663] [info] [Node 2] [KvStore] triggering snapshot at index 28305
[16:14:13.668] [info] [Node 2] [term=5] [Follower] log compacted up to index 28305
[16:14:13.791] [info] [Node 2] [KvStore] triggering snapshot at index 28505
[16:14:13.800] [info] [Node 2] [term=5] [Follower] log compacted up to index 28505
[16:14:13.916] [info] [Node 2] [KvStore] triggering snapshot at index 28692
[16:14:13.920] [info] [Node 2] [term=5] [Follower] log compacted up to index 28692
[16:14:14.047] [info] [Node 2] [KvStore] triggering snapshot at index 28884
[16:14:14.049] [info] [Node 2] [term=5] [Follower] log compacted up to index 28884
[16:14:14.175] [info] [Node 2] [KvStore] triggering snapshot at index 29054
[16:14:14.178] [info] [Node 2] [term=5] [Follower] log compacted up to index 29054
[16:14:14.312] [info] [Node 2] [KvStore] triggering snapshot at index 29228
[16:14:14.314] [info] [Node 2] [term=5] [Follower] log compacted up to index 29228
[16:14:14.456] [info] [Node 2] [KvStore] triggering snapshot at index 29478
[16:14:14.460] [info] [Node 2] [term=5] [Follower] log compacted up to index 29478
[16:14:14.587] [info] [Node 2] [KvStore] triggering snapshot at index 29658
[16:14:14.595] [info] [Node 2] [term=5] [Follower] log compacted up to index 29658
[16:14:14.713] [info] [Node 2] [KvStore] triggering snapshot at index 29834
[16:14:14.716] [info] [Node 2] [term=5] [Follower] log compacted up to index 29834
[16:14:17.571] [info] [Node 2] [KvStore] triggering snapshot at index 34156
[16:14:17.578] [info] [Node 2] [term=5] [Follower] log compacted up to index 34156
[16:14:28.027] [info] [Node 2] shutting down
[16:14:28.038] [info] [Node 2] shutdown complete
