[11:54:03.540] [info] [Node 0] starting on 127.0.0.1:50050
[11:54:03.540] [info] [Node 0] config: peers=3, data_dir=./data/node0, election_timeout=[300,500]ms, heartbeat=30ms, max_state=1048576B
[11:54:03.628] [info] gRPC server listening on 127.0.0.1:50050
[11:54:03.972] [info] [Node 0] [term=5] [Candidate] starting election
[11:54:03.980] [info] [Node 0] [term=5] [Leader] became leader
[11:54:23.535] [info] [Node 0] [KvStore] triggering snapshot at index 120129
[11:54:23.562] [info] [Node 0] [term=5] [Leader] log compacted up to index 120129
[11:54:23.874] [info] [Node 0] [KvStore] triggering snapshot at index 120335
[11:54:23.879] [info] [Node 0] [term=5] [Leader] log compacted up to index 120335
[11:54:24.193] [info] [Node 0] [KvStore] triggering snapshot at index 120545
[11:54:24.197] [info] [Node 0] [term=5] [Leader] log compacted up to index 120545
[11:54:24.597] [info] [Node 0] [KvStore] triggering snapshot at index 120787
[11:54:24.602] [info] [Node 0] [term=5] [Leader] log compacted up to index 120787
[11:54:24.898] [info] [Node 0] [KvStore] triggering snapshot at index 120993
[11:54:24.908] [info] [Node 0] [term=5] [Leader] log compacted up to index 120993
[11:54:25.265] [info] [Node 0] [KvStore] triggering snapshot at index 121225
[11:54:25.269] [info] [Node 0] [term=5] [Leader] log compacted up to index 121225
[11:54:25.557] [info] [Node 0] [KvStore] triggering snapshot at index 121435
[11:54:25.569] [info] [Node 0] [term=5] [Leader] log compacted up to index 121435
[11:54:25.863] [info] [Node 0] [KvStore] triggering snapshot at index 121643
[11:54:25.873] [info] [Node 0] [term=5] [Leader] log compacted up to index 121643
[11:54:26.184] [info] [Node 0] [KvStore] triggering snapshot at index 121852
[11:54:26.188] [info] [Node 0] [term=5] [Leader] log compacted up to index 121852
[11:54:26.562] [info] [Node 0] [KvStore] triggering snapshot at index 122087
[11:54:26.566] [info] [Node 0] [term=5] [Leader] log compacted up to index 122087
[11:54:26.877] [info] [Node 0] [KvStore] triggering snapshot at index 122311
[11:54:26.911] [info] [Node 0] [term=5] [Leader] log compacted up to index 122311
[11:54:27.218] [info] [Node 0] [KvStore] triggering snapshot at index 122514
[11:54:27.223] [info] [Node 0] [term=5] [Leader] log compacted up to index 122514
[11:54:27.567] [info] [Node 0] [KvStore] triggering snapshot at index 122742
[11:54:27.572] [info] [Node 0] [term=5] [Leader] log compacted up to index 122742
[11:54:27.880] [info] [Node 0] [KvStore] triggering snapshot at index 122951
[11:54:27.884] [info] [Node 0] [term=5] [Leader] log compacted up to index 122951
[11:54:28.283] [info] [Node 0] [KvStore] triggering snapshot at index 123196
[11:54:28.287] [info] [Node 0] [term=5] [Leader] log compacted up to index 123196
[11:54:28.586] [info] [Node 0] [KvStore] triggering snapshot at index 123408
[11:54:28.596] [info] [Node 0] [term=5] [Leader] log compacted up to index 123408
[11:54:28.922] [info] [Node 0] [KvStore] triggering snapshot at index 123631
[11:54:28.933] [info] [Node 0] [term=5] [Leader] log compacted up to index 123631
[11:54:29.233] [info] [Node 0] [KvStore] triggering snapshot at index 123843
[11:54:29.247] [info] [Node 0] [term=5] [Leader] log compacted up to index 123843
[11:54:29.539] [info] [Node 0] [KvStore] triggering snapshot at index 124052
[11:54:29.544] [info] [Node 0] [term=5] [Leader] log compacted up to index 124052
[11:54:29.849] [info] [Node 0] [KvStore] triggering snapshot at index 124262
[11:54:29.865] [info] [Node 0] [term=5] [Leader] log compacted up to index 124262
[11:54:30.166] [info] [Node 0] [KvStore] triggering snapshot at index 124472
[11:54:30.180] [info] [Node 0] [term=5] [Leader] log compacted up to index 124472
[11:54:30.521] [info] [Node 0] [KvStore] triggering snapshot at index 124696
[11:54:30.527] [info] [Node 0] [term=5] [Leader] log compacted up to index 124696
[11:54:30.830] [info] [Node 0] [KvStore] triggering snapshot at index 124905
[11:54:30.834] [info] [Node 0] [term=5] [Leader] log compacted up to index 124905
[11:54:31.138] [info] [Node 0] [KvStore] triggering snapshot at index 125146
[11:54:31.220] [info] [Node 0] [term=5] [Leader] log compacted up to index 125146
[11:54:31.626] [info] [Node 0] [KvStore] triggering snapshot at index 125396
[11:54:31.630] [info] [Node 0] [term=5] [Leader] log compacted up to index 125396
[11:54:31.928] [info] [Node 0] [KvStore] triggering snapshot at index 125602
[11:54:31.932] [info] [Node 0] [term=5] [Leader] log compacted up to index 125602
[11:54:32.288] [info] [Node 0] [KvStore] triggering snapshot at index 125833
[11:54:32.293] [info] [Node 0] [term=5] [Leader] log compacted up to index 125833
[11:54:32.586] [info] [Node 0] [KvStore] triggering snapshot at index 126046
[11:54:32.590] [info] [Node 0] [term=5] [Leader] log compacted up to index 126046
[11:54:32.876] [info] [Node 0] [KvStore] triggering snapshot at index 126252
[11:54:32.881] [info] [Node 0] [term=5] [Leader] log compacted up to index 126252
[11:54:33.258] [info] [Node 0] [KvStore] triggering snapshot at index 126492
[11:54:33.262] [info] [Node 0] [term=5] [Leader] log compacted up to index 126492
[11:54:33.565] [info] [Node 0] [KvStore] triggering snapshot at index 126702
[11:54:33.570] [info] [Node 0] [term=5] [Leader] log compacted up to index 126702
[11:54:33.923] [info] [Node 0] [KvStore] triggering snapshot at index 126928
[11:54:33.928] [info] [Node 0] [term=5] [Leader] log compacted up to index 126928
[11:54:34.274] [info] [Node 0] [KvStore] triggering snapshot at index 127153
[11:54:34.279] [info] [Node 0] [term=5] [Leader] log compacted up to index 127153
[11:54:34.569] [info] [Node 0] [KvStore] triggering snapshot at index 127361
[11:54:34.580] [info] [Node 0] [term=5] [Leader] log compacted up to index 127361
[11:54:34.873] [info] [Node 0] [KvStore] triggering snapshot at index 127571
[11:54:34.878] [info] [Node 0] [term=5] [Leader] log compacted up to index 127571
[11:54:35.232] [info] [Node 0] [KvStore] triggering snapshot at index 127799
[11:54:35.236] [info] [Node 0] [term=5] [Leader] log compacted up to index 127799
[11:54:35.523] [info] [Node 0] [KvStore] triggering snapshot at index 128008
[11:54:35.535] [info] [Node 0] [term=5] [Leader] log compacted up to index 128008
[11:54:35.843] [info] [Node 0] [KvStore] triggering snapshot at index 128221
[11:54:35.848] [info] [Node 0] [term=5] [Leader] log compacted up to index 128221
[11:54:36.145] [info] [Node 0] [KvStore] triggering snapshot at index 128429
[11:54:36.152] [info] [Node 0] [term=5] [Leader] log compacted up to index 128429
[11:54:36.469] [info] [Node 0] [KvStore] triggering snapshot at index 128639
[11:54:36.475] [info] [Node 0] [term=5] [Leader] log compacted up to index 128639
[11:54:36.797] [info] [Node 0] [KvStore] triggering snapshot at index 128854
[11:54:36.802] [info] [Node 0] [term=5] [Leader] log compacted up to index 128854
[11:54:37.165] [info] [Node 0] [KvStore] triggering snapshot at index 129090
[11:54:37.169] [info] [Node 0] [term=5] [Leader] log compacted up to index 129090
[11:54:37.461] [info] [Node 0] [KvStore] triggering snapshot at index 129297
[11:54:37.471] [info] [Node 0] [term=5] [Leader] log compacted up to index 129297
[11:54:37.761] [info] [Node 0] [KvStore] triggering snapshot at index 129526
[11:54:37.765] [info] [Node 0] [term=5] [Leader] log compacted up to index 129526
[11:54:38.070] [info] [Node 0] [KvStore] triggering snapshot at index 129734
[11:54:38.074] [info] [Node 0] [term=5] [Leader] log compacted up to index 129734
[11:54:38.365] [info] [Node 0] [KvStore] triggering snapshot at index 129945
[11:54:38.370] [info] [Node 0] [term=5] [Leader] log compacted up to index 129945
[11:55:29.379] [info] [Node 0] shutting down
[11:55:29.407] [info] [Node 0] shutdown complete
